13:12 INFO    : Waveform generator initiated with
  frequency_domain_source_model: bilby.gw.source.lal_binary_black_hole
  time_domain_source_model: None
  parameter_conversion: bilby.gw.conversion.convert_to_lal_binary_black_hole_parameters
13:12 INFO    : Waveform generator initiated with
  frequency_domain_source_model: bilby.gw.source.lal_binary_black_hole
  time_domain_source_model: None
  parameter_conversion: bilby.gw.conversion.convert_to_lal_binary_black_hole_parameters
13:12 INFO    : Injected signal in H1:
13:12 INFO    :   optimal SNR = 25.66
13:12 INFO    :   matched filter SNR = 25.45+0.50j
13:12 INFO    :   chirp_mass = 1.43
13:12 INFO    :   mass_ratio = 0.833
13:12 INFO    :   a_1 = 0.0
13:12 INFO    :   a_2 = 0.0
13:12 INFO    :   tilt_1 = 0.0
13:12 INFO    :   tilt_2 = 0.0
13:12 INFO    :   theta_jn = 0.1
13:12 INFO    :   luminosity_distance = 100
13:12 INFO    :   phi_jl = 0.0
13:12 INFO    :   psi = 2.659
13:12 INFO    :   phase = 1.3
13:12 INFO    :   geocent_time = 1264069376
13:12 INFO    :   phi_12 = 0.0
13:12 INFO    :   ra = 5.445
13:12 INFO    :   dec = 0.0
13:12 INFO    : Injected signal in L1:
13:12 INFO    :   optimal SNR = 23.53
13:12 INFO    :   matched filter SNR = 24.05+0.71j
13:12 INFO    :   chirp_mass = 1.43
13:12 INFO    :   mass_ratio = 0.833
13:12 INFO    :   a_1 = 0.0
13:12 INFO    :   a_2 = 0.0
13:12 INFO    :   tilt_1 = 0.0
13:12 INFO    :   tilt_2 = 0.0
13:12 INFO    :   theta_jn = 0.1
13:12 INFO    :   luminosity_distance = 100
13:12 INFO    :   phi_jl = 0.0
13:12 INFO    :   psi = 2.659
13:12 INFO    :   phase = 1.3
13:12 INFO    :   geocent_time = 1264069376
13:12 INFO    :   phi_12 = 0.0
13:12 INFO    :   ra = 5.445
13:12 INFO    :   dec = 0.0
13:12 INFO    : Injected signal in V1:
13:12 INFO    :   optimal SNR = 16.83
13:12 INFO    :   matched filter SNR = 17.30+0.31j
13:12 INFO    :   chirp_mass = 1.43
13:12 INFO    :   mass_ratio = 0.833
13:12 INFO    :   a_1 = 0.0
13:12 INFO    :   a_2 = 0.0
13:12 INFO    :   tilt_1 = 0.0
13:12 INFO    :   tilt_2 = 0.0
13:12 INFO    :   theta_jn = 0.1
13:12 INFO    :   luminosity_distance = 100
13:12 INFO    :   phi_jl = 0.0
13:12 INFO    :   psi = 2.659
13:12 INFO    :   phase = 1.3
13:12 INFO    :   geocent_time = 1264069376
13:12 INFO    :   phi_12 = 0.0
13:12 INFO    :   ra = 5.445
13:12 INFO    :   dec = 0.0
13:12 INFO    : Finished Injecting signal
13:12 INFO    : Saving IFO data plots to bibly_5.445_0_followup_trueloc
13:12 WARNING : Prior not provided for phase, using the BBH default.
13:12 INFO    : No prior given, using default BBH priors in /home/jason/miniconda3/envs/env0/lib/python3.11/site-packages/bilby/gw/prior_files/precessing_spins_bbh.prior.
13:12 INFO    : Calling dynesty...
13:12 INFO    : Running for label 'bilby_5.445_0_followup_trueloc', output will be saved to 'bibly_5.445_0_followup_trueloc'
13:12 INFO    : Using lal version 7.3.1
13:12 INFO    : Using lal git version Branch: None;Tag: lal-v7.3.1;Id: ba834368942ae59461ae5154fcf542c4d5a3b5b2;;Builder: Adam Mercer <adam.mercer@ligo.org>;Repository status: CLEAN: All modifications committed
13:12 INFO    : Using lalsimulation version 5.2.0
13:12 INFO    : Using lalsimulation git version Branch: None;Tag: lalsimulation-v5.2.0;Id: 6d939723e10b22ed8775552be67ae1e2004ec9e6;;Builder: Adam Mercer <adam.mercer@ligo.org>;Repository status: CLEAN: All modifications committed
13:12 INFO    : Analysis priors:
13:12 INFO    : chirp_mass=Uniform(minimum=1.4, maximum=1.46, name='chirp_mass', latex_label='$\\mathcal{M}$', unit=None, boundary=None)
13:12 INFO    : mass_ratio=Uniform(minimum=0.25, maximum=1, name='mass_ratio', latex_label='$q$', unit=None, boundary=None)
13:12 INFO    : a_1=Uniform(minimum=0, maximum=0.05, name='a_1', latex_label='$a_1$', unit=None, boundary=None)
13:12 INFO    : a_2=Uniform(minimum=0, maximum=0.05, name='a_2', latex_label='$a_2$', unit=None, boundary=None)
13:12 INFO    : phi_jl=Uniform(minimum=0, maximum=6.283185307179586, name='phi_jl', latex_label='$\\phi_{JL}$', unit=None, boundary='periodic')
13:12 INFO    : luminosity_distance=bilby.gw.prior.UniformComovingVolume(minimum=0.0, maximum=500.0, cosmology=FlatLambdaCDM(name="Planck15", H0=67.74 km / (Mpc s), Om0=0.3075, Tcmb0=2.7255 K, Neff=3.046, m_nu=[0.   0.   0.06] eV, Ob0=0.0486), name='luminosity_distance', latex_label='$d_L$', unit=Unit("Mpc"), boundary=None)
13:12 INFO    : theta_jn=Sine(minimum=0, maximum=3.141592653589793, name='theta_jn', latex_label='$\\theta_{JN}$', unit=None, boundary=None)
13:12 INFO    : psi=Uniform(minimum=0, maximum=3.141592653589793, name='psi', latex_label='$\\psi$', unit=None, boundary='periodic')
13:12 INFO    : mass_1=Constraint(minimum=1.0, maximum=3.0, name='mass_1', latex_label='$m_1$', unit=None)
13:12 INFO    : mass_2=Constraint(minimum=1.0, maximum=3.0, name='mass_2', latex_label='$m_2$', unit=None)
13:12 INFO    : tilt_1=0.0
13:12 INFO    : tilt_2=0.0
13:12 INFO    : phi_12=0.0
13:12 INFO    : dec=0.0
13:12 INFO    : ra=5.445
13:12 INFO    : geocent_time=1264069376
13:12 INFO    : phase=0.0
13:12 INFO    : Analysis likelihood class: <class 'bilby.gw.likelihood.base.GravitationalWaveTransient'>
13:12 INFO    : Analysis likelihood noise evidence: -1947095.2935395804
13:12 INFO    : Waveform generator initiated with
  frequency_domain_source_model: bilby.gw.source.lal_binary_black_hole
  time_domain_source_model: None
  parameter_conversion: bilby.gw.conversion.convert_to_lal_binary_black_hole_parameters
13:12 INFO    : Injected signal in H1:
13:12 INFO    :   optimal SNR = 25.66
13:12 INFO    :   matched filter SNR = 25.39+0.61j
13:12 INFO    :   chirp_mass = 1.43
13:12 INFO    :   mass_ratio = 0.833
13:12 INFO    :   a_1 = 0.0
13:12 INFO    :   a_2 = 0.0
13:12 INFO    :   tilt_1 = 0.0
13:12 INFO    :   tilt_2 = 0.0
13:12 INFO    :   theta_jn = 0.1
13:12 INFO    :   luminosity_distance = 100
13:12 INFO    :   phi_jl = 0.0
13:12 INFO    :   psi = 2.659
13:12 INFO    :   phase = 1.3
13:12 INFO    :   geocent_time = 1264069376
13:12 INFO    :   phi_12 = 0.0
13:12 INFO    :   ra = 5.445
13:12 INFO    :   dec = 0.0
13:12 INFO    : Injected signal in L1:
13:12 INFO    :   optimal SNR = 23.53
13:12 INFO    :   matched filter SNR = 21.34+0.27j
13:12 INFO    :   chirp_mass = 1.43
13:12 INFO    :   mass_ratio = 0.833
13:12 INFO    :   a_1 = 0.0
13:12 INFO    :   a_2 = 0.0
13:12 INFO    :   tilt_1 = 0.0
13:12 INFO    :   tilt_2 = 0.0
13:12 INFO    :   theta_jn = 0.1
13:12 INFO    :   luminosity_distance = 100
13:12 INFO    :   phi_jl = 0.0
13:12 INFO    :   psi = 2.659
13:12 INFO    :   phase = 1.3
13:12 INFO    :   geocent_time = 1264069376
13:12 INFO    :   phi_12 = 0.0
13:12 INFO    :   ra = 5.445
13:12 INFO    :   dec = 0.0
13:12 INFO    : Injected signal in V1:
13:12 INFO    :   optimal SNR = 16.83
13:12 INFO    :   matched filter SNR = 15.53-0.22j
13:12 INFO    :   chirp_mass = 1.43
13:12 INFO    :   mass_ratio = 0.833
13:12 INFO    :   a_1 = 0.0
13:12 INFO    :   a_2 = 0.0
13:12 INFO    :   tilt_1 = 0.0
13:12 INFO    :   tilt_2 = 0.0
13:12 INFO    :   theta_jn = 0.1
13:12 INFO    :   luminosity_distance = 100
13:12 INFO    :   phi_jl = 0.0
13:12 INFO    :   psi = 2.659
13:12 INFO    :   phase = 1.3
13:12 INFO    :   geocent_time = 1264069376
13:12 INFO    :   phi_12 = 0.0
13:12 INFO    :   ra = 5.445
13:12 INFO    :   dec = 0.0
13:12 INFO    : Finished Injecting signal
13:12 INFO    : Saving IFO data plots to bibly_5.445_0_followup_trueloc
13:12 WARNING : Prior not provided for phase, using the BBH default.
13:12 INFO    : No prior given, using default BBH priors in /home/jason/miniconda3/envs/env0/lib/python3.11/site-packages/bilby/gw/prior_files/precessing_spins_bbh.prior.
13:12 INFO    : Calling dynesty...
13:12 INFO    : Running for label 'bilby_5.445_0_followup_trueloc', output will be saved to 'bibly_5.445_0_followup_trueloc'
13:12 INFO    : Using lal version 7.3.1
13:12 INFO    : Using lal git version Branch: None;Tag: lal-v7.3.1;Id: ba834368942ae59461ae5154fcf542c4d5a3b5b2;;Builder: Adam Mercer <adam.mercer@ligo.org>;Repository status: CLEAN: All modifications committed
13:12 INFO    : Using lalsimulation version 5.2.0
13:12 INFO    : Using lalsimulation git version Branch: None;Tag: lalsimulation-v5.2.0;Id: 6d939723e10b22ed8775552be67ae1e2004ec9e6;;Builder: Adam Mercer <adam.mercer@ligo.org>;Repository status: CLEAN: All modifications committed
13:12 INFO    : Analysis priors:
13:12 INFO    : chirp_mass=Uniform(minimum=1.4, maximum=1.46, name='chirp_mass', latex_label='$\\mathcal{M}$', unit=None, boundary=None)
13:12 INFO    : mass_ratio=Uniform(minimum=0.25, maximum=1, name='mass_ratio', latex_label='$q$', unit=None, boundary=None)
13:12 INFO    : a_1=Uniform(minimum=0, maximum=0.05, name='a_1', latex_label='$a_1$', unit=None, boundary=None)
13:12 INFO    : a_2=Uniform(minimum=0, maximum=0.05, name='a_2', latex_label='$a_2$', unit=None, boundary=None)
13:12 INFO    : phi_jl=Uniform(minimum=0, maximum=6.283185307179586, name='phi_jl', latex_label='$\\phi_{JL}$', unit=None, boundary='periodic')
13:12 INFO    : luminosity_distance=bilby.gw.prior.UniformComovingVolume(minimum=0.0, maximum=500.0, cosmology=FlatLambdaCDM(name="Planck15", H0=67.74 km / (Mpc s), Om0=0.3075, Tcmb0=2.7255 K, Neff=3.046, m_nu=[0.   0.   0.06] eV, Ob0=0.0486), name='luminosity_distance', latex_label='$d_L$', unit=Unit("Mpc"), boundary=None)
13:12 INFO    : theta_jn=Sine(minimum=0, maximum=3.141592653589793, name='theta_jn', latex_label='$\\theta_{JN}$', unit=None, boundary=None)
13:12 INFO    : psi=Uniform(minimum=0, maximum=3.141592653589793, name='psi', latex_label='$\\psi$', unit=None, boundary='periodic')
13:12 INFO    : mass_1=Constraint(minimum=1.0, maximum=3.0, name='mass_1', latex_label='$m_1$', unit=None)
13:12 INFO    : mass_2=Constraint(minimum=1.0, maximum=3.0, name='mass_2', latex_label='$m_2$', unit=None)
13:12 INFO    : tilt_1=0.0
13:12 INFO    : tilt_2=0.0
13:12 INFO    : phi_12=0.0
13:12 INFO    : dec=0.0
13:12 INFO    : ra=5.445
13:12 INFO    : geocent_time=1264069376
13:12 INFO    : phase=0.0
13:12 INFO    : Analysis likelihood class: <class 'bilby.gw.likelihood.base.GravitationalWaveTransient'>
13:12 INFO    : Analysis likelihood noise evidence: -1946007.935692662
13:13 INFO    : Single likelihood evaluation took 2.261e-01 s
13:13 INFO    : Using sampler Dynesty with kwargs {'nlive': 1000, 'bound': 'live', 'sample': 'act-walk', 'periodic': None, 'reflective': None, 'update_interval': 600, 'first_update': None, 'npdim': None, 'rstate': None, 'queue_size': 64, 'pool': None, 'use_pool': None, 'live_points': None, 'logl_args': None, 'logl_kwargs': None, 'ptform_args': None, 'ptform_kwargs': None, 'gradient': None, 'grad_args': None, 'grad_kwargs': None, 'compute_jac': False, 'enlarge': None, 'bootstrap': None, 'walks': 100, 'facc': 0.2, 'slices': None, 'fmove': 0.9, 'max_move': 100, 'update_func': None, 'ncdim': None, 'blob': False, 'save_history': False, 'history_filename': None, 'maxiter': None, 'maxcall': None, 'dlogz': 0.1, 'logl_max': inf, 'n_effective': 1000, 'add_live': True, 'print_progress': True, 'print_func': <bound method Dynesty._print_func of <bilby.core.sampler.dynesty.Dynesty object at 0x7f383c7ace50>>, 'save_bounds': False, 'checkpoint_file': None, 'checkpoint_every': 60, 'resume': False}
13:13 INFO    : Checkpoint every check_point_delta_t = 15000s
13:13 INFO    : Using dynesty version 2.1.2
13:13 INFO    : Using the bilby-implemented rwalk sampling tracking the autocorrelation function and thinning by 2 with maximum length 10000
13:13 INFO    : Setting up multiproccesing pool with 64 processes
13:13 INFO    : Resume file bibly_5.445_0_followup_trueloc/bilby_5.445_0_followup_trueloc_resume.pickle does not exist.
13:13 INFO    : Generating initial points from the prior
17:54 INFO    : Written checkpoint file bibly_5.445_0_followup_trueloc/bilby_5.445_0_followup_trueloc_resume.pickle
22:40 INFO    : Written checkpoint file bibly_5.445_0_followup_trueloc/bilby_5.445_0_followup_trueloc_resume.pickle
02:58 INFO    : Written checkpoint file bibly_5.445_0_followup_trueloc/bilby_5.445_0_followup_trueloc_resume.pickle
07:55 INFO    : Written checkpoint file bibly_5.445_0_followup_trueloc/bilby_5.445_0_followup_trueloc_resume.pickle
13:07 INFO    : Written checkpoint file bibly_5.445_0_followup_trueloc/bilby_5.445_0_followup_trueloc_resume.pickle
